<?xml version="1.0" encoding="UTF-8"?>
<testng-results skipped="0" failed="1" ignored="0" total="4" passed="3">
  <reporter-output>
  </reporter-output>
  <suite name="Suite1" duration-ms="21891" started-at="2018-06-13T21:08:48Z" finished-at="2018-06-13T21:09:10Z">
    <groups>
    </groups>
    <test name="Visual" duration-ms="21891" started-at="2018-06-13T21:08:48Z" finished-at="2018-06-13T21:09:10Z">
      <class name="Regression">
        <test-method status="PASS" signature="beforeClass()[pri:0, instance:Regression@15975490]" name="beforeClass" is-config="true" duration-ms="12031" started-at="2018-06-13T21:08:48Z" finished-at="2018-06-13T21:09:00Z">
          <reporter-output>
          </reporter-output>
        </test-method> <!-- beforeClass -->
        <test-method status="PASS" signature="beforeMethod(java.lang.reflect.Method)[pri:0, instance:Regression@15975490]" name="beforeMethod" is-config="true" duration-ms="1" started-at="2018-06-13T21:09:00Z" finished-at="2018-06-13T21:09:00Z">
          <params>
            <param index="0">
              <value>
                <![CDATA[public void Regression.regression(java.lang.String,java.lang.String,java.lang.reflect.Method,org.testng.ITestContext)]]>
              </value>
            </param>
          </params>
          <reporter-output>
          </reporter-output>
        </test-method> <!-- beforeMethod -->
        <test-method status="FAIL" signature="regression(java.lang.String, java.lang.String, java.lang.reflect.Method, org.testng.ITestContext)[pri:0, instance:Regression@15975490]" name="regression" duration-ms="2864" started-at="2018-06-13T21:09:00Z" data-provider="urls" finished-at="2018-06-13T21:09:03Z">
          <params>
            <param index="0">
              <value>
                <![CDATA[http://newtours.demoaut.com/mercurywelcome.php]]>
              </value>
            </param>
            <param index="1">
              <value>
                <![CDATA[homePage]]>
              </value>
            </param>
            <param index="2">
              <value>
                <![CDATA[public void Regression.regression(java.lang.String,java.lang.String,java.lang.reflect.Method,org.testng.ITestContext)]]>
              </value>
            </param>
            <param index="3">
              <value>
                <![CDATA[org.testng.TestRunner@7665dfff]]>
              </value>
            </param>
          </params>
          <exception class="java.lang.AssertionError">
            <message>
              <![CDATA[expected [true] but found [false]]]>
            </message>
            <full-stacktrace>
              <![CDATA[java.lang.AssertionError: expected [true] but found [false]
at org.testng.Assert.fail(Assert.java:96)
at org.testng.Assert.failNotEquals(Assert.java:776)
at org.testng.Assert.assertTrue(Assert.java:44)
at org.testng.Assert.assertTrue(Assert.java:54)
at Regression.regression(Regression.java:68)
at sun.reflect.NativeMethodAccessorImpl.invoke0(Native Method)
at sun.reflect.NativeMethodAccessorImpl.invoke(NativeMethodAccessorImpl.java:62)
at sun.reflect.DelegatingMethodAccessorImpl.invoke(DelegatingMethodAccessorImpl.java:43)
at java.lang.reflect.Method.invoke(Method.java:498)
at org.testng.internal.MethodInvocationHelper.invokeMethod(MethodInvocationHelper.java:124)
at org.testng.internal.Invoker.invokeMethod(Invoker.java:583)
at org.testng.internal.Invoker.invokeTestMethod(Invoker.java:719)
at org.testng.internal.Invoker.invokeTestMethods(Invoker.java:989)
at org.testng.internal.TestMethodWorker.invokeTestMethods(TestMethodWorker.java:125)
at org.testng.internal.TestMethodWorker.run(TestMethodWorker.java:109)
at org.testng.TestRunner.privateRun(TestRunner.java:648)
at org.testng.TestRunner.run(TestRunner.java:505)
at org.testng.SuiteRunner.runTest(SuiteRunner.java:455)
at org.testng.SuiteRunner.runSequentially(SuiteRunner.java:450)
at org.testng.SuiteRunner.privateRun(SuiteRunner.java:415)
at org.testng.SuiteRunner.run(SuiteRunner.java:364)
at org.testng.SuiteRunnerWorker.runSuite(SuiteRunnerWorker.java:52)
at org.testng.SuiteRunnerWorker.run(SuiteRunnerWorker.java:84)
at org.testng.TestNG.runSuitesSequentially(TestNG.java:1208)
at org.testng.TestNG.runSuitesLocally(TestNG.java:1137)
at org.testng.TestNG.runSuites(TestNG.java:1049)
at org.testng.TestNG.run(TestNG.java:1017)
at org.apache.maven.surefire.testng.TestNGExecutor.run(TestNGExecutor.java:283)
at org.apache.maven.surefire.testng.TestNGXmlTestSuite.execute(TestNGXmlTestSuite.java:75)
at org.apache.maven.surefire.testng.TestNGProvider.invoke(TestNGProvider.java:120)
at org.apache.maven.surefire.booter.ForkedBooter.invokeProviderInSameClassLoader(ForkedBooter.java:379)
at org.apache.maven.surefire.booter.ForkedBooter.runSuitesInProcess(ForkedBooter.java:340)
at org.apache.maven.surefire.booter.ForkedBooter.execute(ForkedBooter.java:125)
at org.apache.maven.surefire.booter.ForkedBooter.main(ForkedBooter.java:413)
]]>
            </full-stacktrace>
          </exception> <!-- java.lang.AssertionError -->
          <reporter-output>
          </reporter-output>
        </test-method> <!-- regression -->
        <test-method status="PASS" signature="afterMethod(org.testng.ITestResult, org.testng.ITestContext)[pri:0, instance:Regression@15975490]" name="afterMethod" is-config="true" duration-ms="11" started-at="2018-06-13T21:09:03Z" finished-at="2018-06-13T21:09:03Z">
          <params>
            <param index="0">
              <value>
                <![CDATA[[TestResult name=regression status=FAILURE method=Regression.regression(java.lang.String, java.lang.String, java.lang.reflect.Method, org.testng.ITestContext)[pri:0, instance:Regression@15975490] output={null}]]]>
              </value>
            </param>
            <param index="1">
              <value>
                <![CDATA[org.testng.TestRunner@7665dfff]]>
              </value>
            </param>
          </params>
          <reporter-output>
          </reporter-output>
        </test-method> <!-- afterMethod -->
        <test-method status="PASS" signature="beforeMethod(java.lang.reflect.Method)[pri:0, instance:Regression@15975490]" name="beforeMethod" is-config="true" duration-ms="1" started-at="2018-06-13T21:09:03Z" finished-at="2018-06-13T21:09:03Z">
          <params>
            <param index="0">
              <value>
                <![CDATA[public void Regression.regression(java.lang.String,java.lang.String,java.lang.reflect.Method,org.testng.ITestContext)]]>
              </value>
            </param>
          </params>
          <reporter-output>
          </reporter-output>
        </test-method> <!-- beforeMethod -->
        <test-method status="PASS" signature="regression(java.lang.String, java.lang.String, java.lang.reflect.Method, org.testng.ITestContext)[pri:0, instance:Regression@15975490]" name="regression" duration-ms="1236" started-at="2018-06-13T21:09:03Z" data-provider="urls" finished-at="2018-06-13T21:09:04Z">
          <params>
            <param index="0">
              <value>
                <![CDATA[http://newtours.demoaut.com/mercuryreservation.php]]>
              </value>
            </param>
            <param index="1">
              <value>
                <![CDATA[reservationPage]]>
              </value>
            </param>
            <param index="2">
              <value>
                <![CDATA[public void Regression.regression(java.lang.String,java.lang.String,java.lang.reflect.Method,org.testng.ITestContext)]]>
              </value>
            </param>
            <param index="3">
              <value>
                <![CDATA[org.testng.TestRunner@7665dfff]]>
              </value>
            </param>
          </params>
          <reporter-output>
          </reporter-output>
        </test-method> <!-- regression -->
        <test-method status="PASS" signature="afterMethod(org.testng.ITestResult, org.testng.ITestContext)[pri:0, instance:Regression@15975490]" name="afterMethod" is-config="true" duration-ms="0" started-at="2018-06-13T21:09:04Z" finished-at="2018-06-13T21:09:04Z">
          <params>
            <param index="0">
              <value>
                <![CDATA[[TestResult name=regression status=SUCCESS method=Regression.regression(java.lang.String, java.lang.String, java.lang.reflect.Method, org.testng.ITestContext)[pri:0, instance:Regression@15975490] output={null}]]]>
              </value>
            </param>
            <param index="1">
              <value>
                <![CDATA[org.testng.TestRunner@7665dfff]]>
              </value>
            </param>
          </params>
          <reporter-output>
          </reporter-output>
        </test-method> <!-- afterMethod -->
        <test-method status="PASS" signature="beforeMethod(java.lang.reflect.Method)[pri:0, instance:Regression@15975490]" name="beforeMethod" is-config="true" duration-ms="0" started-at="2018-06-13T21:09:04Z" finished-at="2018-06-13T21:09:04Z">
          <params>
            <param index="0">
              <value>
                <![CDATA[public void Regression.regression(java.lang.String,java.lang.String,java.lang.reflect.Method,org.testng.ITestContext)]]>
              </value>
            </param>
          </params>
          <reporter-output>
          </reporter-output>
        </test-method> <!-- beforeMethod -->
        <test-method status="PASS" signature="regression(java.lang.String, java.lang.String, java.lang.reflect.Method, org.testng.ITestContext)[pri:0, instance:Regression@15975490]" name="regression" duration-ms="1233" started-at="2018-06-13T21:09:04Z" data-provider="urls" finished-at="2018-06-13T21:09:05Z">
          <params>
            <param index="0">
              <value>
                <![CDATA[http://newtours.demoaut.com/mercuryreservation2.php]]>
              </value>
            </param>
            <param index="1">
              <value>
                <![CDATA[reservationPage2]]>
              </value>
            </param>
            <param index="2">
              <value>
                <![CDATA[public void Regression.regression(java.lang.String,java.lang.String,java.lang.reflect.Method,org.testng.ITestContext)]]>
              </value>
            </param>
            <param index="3">
              <value>
                <![CDATA[org.testng.TestRunner@7665dfff]]>
              </value>
            </param>
          </params>
          <reporter-output>
          </reporter-output>
        </test-method> <!-- regression -->
        <test-method status="PASS" signature="afterMethod(org.testng.ITestResult, org.testng.ITestContext)[pri:0, instance:Regression@15975490]" name="afterMethod" is-config="true" duration-ms="1" started-at="2018-06-13T21:09:05Z" finished-at="2018-06-13T21:09:05Z">
          <params>
            <param index="0">
              <value>
                <![CDATA[[TestResult name=regression status=SUCCESS method=Regression.regression(java.lang.String, java.lang.String, java.lang.reflect.Method, org.testng.ITestContext)[pri:0, instance:Regression@15975490] output={null}]]]>
              </value>
            </param>
            <param index="1">
              <value>
                <![CDATA[org.testng.TestRunner@7665dfff]]>
              </value>
            </param>
          </params>
          <reporter-output>
          </reporter-output>
        </test-method> <!-- afterMethod -->
        <test-method status="PASS" signature="beforeMethod(java.lang.reflect.Method)[pri:0, instance:Regression@15975490]" name="beforeMethod" is-config="true" duration-ms="1" started-at="2018-06-13T21:09:05Z" finished-at="2018-06-13T21:09:05Z">
          <params>
            <param index="0">
              <value>
                <![CDATA[public void Regression.regression(java.lang.String,java.lang.String,java.lang.reflect.Method,org.testng.ITestContext)]]>
              </value>
            </param>
          </params>
          <reporter-output>
          </reporter-output>
        </test-method> <!-- beforeMethod -->
        <test-method status="PASS" signature="regression(java.lang.String, java.lang.String, java.lang.reflect.Method, org.testng.ITestContext)[pri:0, instance:Regression@15975490]" name="regression" duration-ms="2151" started-at="2018-06-13T21:09:05Z" data-provider="urls" finished-at="2018-06-13T21:09:07Z">
          <params>
            <param index="0">
              <value>
                <![CDATA[http://newtours.demoaut.com/mercurypurchase.php]]>
              </value>
            </param>
            <param index="1">
              <value>
                <![CDATA[homePage]]>
              </value>
            </param>
            <param index="2">
              <value>
                <![CDATA[public void Regression.regression(java.lang.String,java.lang.String,java.lang.reflect.Method,org.testng.ITestContext)]]>
              </value>
            </param>
            <param index="3">
              <value>
                <![CDATA[org.testng.TestRunner@7665dfff]]>
              </value>
            </param>
          </params>
          <reporter-output>
          </reporter-output>
        </test-method> <!-- regression -->
        <test-method status="PASS" signature="afterMethod(org.testng.ITestResult, org.testng.ITestContext)[pri:0, instance:Regression@15975490]" name="afterMethod" is-config="true" duration-ms="0" started-at="2018-06-13T21:09:07Z" finished-at="2018-06-13T21:09:07Z">
          <params>
            <param index="0">
              <value>
                <![CDATA[[TestResult name=regression status=SUCCESS method=Regression.regression(java.lang.String, java.lang.String, java.lang.reflect.Method, org.testng.ITestContext)[pri:0, instance:Regression@15975490] output={null}]]]>
              </value>
            </param>
            <param index="1">
              <value>
                <![CDATA[org.testng.TestRunner@7665dfff]]>
              </value>
            </param>
          </params>
          <reporter-output>
          </reporter-output>
        </test-method> <!-- afterMethod -->
        <test-method status="PASS" signature="afterClass()[pri:0, instance:Regression@15975490]" name="afterClass" is-config="true" duration-ms="2291" started-at="2018-06-13T21:09:07Z" finished-at="2018-06-13T21:09:10Z">
          <reporter-output>
          </reporter-output>
        </test-method> <!-- afterClass -->
      </class> <!-- Regression -->
    </test> <!-- Visual -->
  </suite> <!-- Suite1 -->
</testng-results>
